package configuration for libffi is not found
have_header: checking for ffi.h... -------------------- no

"gcc -o conftest -I/home/rene/.rvm/rubies/ruby-1.9.3-p0/include/ruby-1.9.1/x86_64-linux -I/home/rene/.rvm/rubies/ruby-1.9.3-p0/include/ruby-1.9.1/ruby/backward -I/home/rene/.rvm/rubies/ruby-1.9.3-p0/include/ruby-1.9.1 -I.     -O3 -ggdb -Wextra -Wno-unused-parameter -Wno-parentheses -Wno-long-long -Wno-missing-field-initializers -Wpointer-arith -Wwrite-strings -Wdeclaration-after-statement -Wimplicit-function-declaration  -fPIC conftest.c  -L. -L/home/rene/.rvm/rubies/ruby-1.9.3-p0/lib -Wl,-R/home/rene/.rvm/rubies/ruby-1.9.3-p0/lib -L.  -rdynamic -Wl,-export-dynamic     -Wl,-R -Wl,/home/rene/.rvm/rubies/ruby-1.9.3-p0/lib -L/home/rene/.rvm/rubies/ruby-1.9.3-p0/lib -lruby  -lpthread -lrt -ldl -lcrypt -lm   -lc"
checked program was:
/* begin */
1: #include "ruby.h"
2: 
3: int main() {return 0;}
/* end */

"gcc -E -I/home/rene/.rvm/rubies/ruby-1.9.3-p0/include/ruby-1.9.1/x86_64-linux -I/home/rene/.rvm/rubies/ruby-1.9.3-p0/include/ruby-1.9.1/ruby/backward -I/home/rene/.rvm/rubies/ruby-1.9.3-p0/include/ruby-1.9.1 -I.     -O3 -ggdb -Wextra -Wno-unused-parameter -Wno-parentheses -Wno-long-long -Wno-missing-field-initializers -Wpointer-arith -Wwrite-strings -Wdeclaration-after-statement -Wimplicit-function-declaration  -fPIC  conftest.c -o conftest.i"
conftest.c:3:17: error: ffi.h: No such file or directory
checked program was:
/* begin */
1: #include "ruby.h"
2: 
3: #include <ffi.h>
/* end */

--------------------

find_header: checking for ffi.h in /usr/local/include... -------------------- no

"gcc -E -I/home/rene/.rvm/rubies/ruby-1.9.3-p0/include/ruby-1.9.1/x86_64-linux -I/home/rene/.rvm/rubies/ruby-1.9.3-p0/include/ruby-1.9.1/ruby/backward -I/home/rene/.rvm/rubies/ruby-1.9.3-p0/include/ruby-1.9.1 -I.     -O3 -ggdb -Wextra -Wno-unused-parameter -Wno-parentheses -Wno-long-long -Wno-missing-field-initializers -Wpointer-arith -Wwrite-strings -Wdeclaration-after-statement -Wimplicit-function-declaration  -fPIC  conftest.c -o conftest.i"
conftest.c:3:17: error: ffi.h: No such file or directory
checked program was:
/* begin */
1: #include "ruby.h"
2: 
3: #include <ffi.h>
/* end */

"gcc -E -I/home/rene/.rvm/rubies/ruby-1.9.3-p0/include/ruby-1.9.1/x86_64-linux -I/home/rene/.rvm/rubies/ruby-1.9.3-p0/include/ruby-1.9.1/ruby/backward -I/home/rene/.rvm/rubies/ruby-1.9.3-p0/include/ruby-1.9.1 -I.     -O3 -ggdb -Wextra -Wno-unused-parameter -Wno-parentheses -Wno-long-long -Wno-missing-field-initializers -Wpointer-arith -Wwrite-strings -Wdeclaration-after-statement -Wimplicit-function-declaration  -fPIC -I/usr/local/include conftest.c -o conftest.i"
conftest.c:3:17: error: ffi.h: No such file or directory
checked program was:
/* begin */
1: #include "ruby.h"
2: 
3: #include <ffi.h>
/* end */

--------------------

have_func: checking for rb_thread_blocking_region()... -------------------- yes

"gcc -o conftest -I/home/rene/.rvm/rubies/ruby-1.9.3-p0/include/ruby-1.9.1/x86_64-linux -I/home/rene/.rvm/rubies/ruby-1.9.3-p0/include/ruby-1.9.1/ruby/backward -I/home/rene/.rvm/rubies/ruby-1.9.3-p0/include/ruby-1.9.1 -I.     -O3 -ggdb -Wextra -Wno-unused-parameter -Wno-parentheses -Wno-long-long -Wno-missing-field-initializers -Wpointer-arith -Wwrite-strings -Wdeclaration-after-statement -Wimplicit-function-declaration  -fPIC conftest.c  -L. -L/home/rene/.rvm/rubies/ruby-1.9.3-p0/lib -Wl,-R/home/rene/.rvm/rubies/ruby-1.9.3-p0/lib -L.  -rdynamic -Wl,-export-dynamic     -Wl,-R -Wl,/home/rene/.rvm/rubies/ruby-1.9.3-p0/lib -L/home/rene/.rvm/rubies/ruby-1.9.3-p0/lib -lruby  -lpthread -lrt -ldl -lcrypt -lm   -lc"
checked program was:
/* begin */
1: #include "ruby.h"
2: 
3: /*top*/
4: int main() {return 0;}
5: int t() { void ((*volatile p)()); p = (void ((*)()))rb_thread_blocking_region; return 0; }
/* end */

--------------------

have_func: checking for ruby_native_thread_p()... -------------------- yes

"gcc -o conftest -I/home/rene/.rvm/rubies/ruby-1.9.3-p0/include/ruby-1.9.1/x86_64-linux -I/home/rene/.rvm/rubies/ruby-1.9.3-p0/include/ruby-1.9.1/ruby/backward -I/home/rene/.rvm/rubies/ruby-1.9.3-p0/include/ruby-1.9.1 -I.     -O3 -ggdb -Wextra -Wno-unused-parameter -Wno-parentheses -Wno-long-long -Wno-missing-field-initializers -Wpointer-arith -Wwrite-strings -Wdeclaration-after-statement -Wimplicit-function-declaration  -fPIC conftest.c  -L. -L/home/rene/.rvm/rubies/ruby-1.9.3-p0/lib -Wl,-R/home/rene/.rvm/rubies/ruby-1.9.3-p0/lib -L.  -rdynamic -Wl,-export-dynamic     -Wl,-R -Wl,/home/rene/.rvm/rubies/ruby-1.9.3-p0/lib -L/home/rene/.rvm/rubies/ruby-1.9.3-p0/lib -lruby  -lpthread -lrt -ldl -lcrypt -lm   -lc"
checked program was:
/* begin */
1: #include "ruby.h"
2: 
3: /*top*/
4: int main() {return 0;}
5: int t() { void ((*volatile p)()); p = (void ((*)()))ruby_native_thread_p; return 0; }
/* end */

--------------------

have_func: checking for rb_thread_call_with_gvl()... -------------------- yes

"gcc -o conftest -I/home/rene/.rvm/rubies/ruby-1.9.3-p0/include/ruby-1.9.1/x86_64-linux -I/home/rene/.rvm/rubies/ruby-1.9.3-p0/include/ruby-1.9.1/ruby/backward -I/home/rene/.rvm/rubies/ruby-1.9.3-p0/include/ruby-1.9.1 -I.     -O3 -ggdb -Wextra -Wno-unused-parameter -Wno-parentheses -Wno-long-long -Wno-missing-field-initializers -Wpointer-arith -Wwrite-strings -Wdeclaration-after-statement -Wimplicit-function-declaration  -fPIC conftest.c  -L. -L/home/rene/.rvm/rubies/ruby-1.9.3-p0/lib -Wl,-R/home/rene/.rvm/rubies/ruby-1.9.3-p0/lib -L.  -rdynamic -Wl,-export-dynamic     -Wl,-R -Wl,/home/rene/.rvm/rubies/ruby-1.9.3-p0/lib -L/home/rene/.rvm/rubies/ruby-1.9.3-p0/lib -lruby  -lpthread -lrt -ldl -lcrypt -lm   -lc"
conftest.c: In function ‘t’:
conftest.c:5: error: ‘rb_thread_call_with_gvl’ undeclared (first use in this function)
conftest.c:5: error: (Each undeclared identifier is reported only once
conftest.c:5: error: for each function it appears in.)
checked program was:
/* begin */
1: #include "ruby.h"
2: 
3: /*top*/
4: int main() {return 0;}
5: int t() { void ((*volatile p)()); p = (void ((*)()))rb_thread_call_with_gvl; return 0; }
/* end */

"gcc -o conftest -I/home/rene/.rvm/rubies/ruby-1.9.3-p0/include/ruby-1.9.1/x86_64-linux -I/home/rene/.rvm/rubies/ruby-1.9.3-p0/include/ruby-1.9.1/ruby/backward -I/home/rene/.rvm/rubies/ruby-1.9.3-p0/include/ruby-1.9.1 -I.     -O3 -ggdb -Wextra -Wno-unused-parameter -Wno-parentheses -Wno-long-long -Wno-missing-field-initializers -Wpointer-arith -Wwrite-strings -Wdeclaration-after-statement -Wimplicit-function-declaration  -fPIC conftest.c  -L. -L/home/rene/.rvm/rubies/ruby-1.9.3-p0/lib -Wl,-R/home/rene/.rvm/rubies/ruby-1.9.3-p0/lib -L.  -rdynamic -Wl,-export-dynamic     -Wl,-R -Wl,/home/rene/.rvm/rubies/ruby-1.9.3-p0/lib -L/home/rene/.rvm/rubies/ruby-1.9.3-p0/lib -lruby  -lpthread -lrt -ldl -lcrypt -lm   -lc"
conftest.c: In function ‘t’:
conftest.c:5: warning: implicit declaration of function ‘rb_thread_call_with_gvl’
checked program was:
/* begin */
1: #include "ruby.h"
2: 
3: /*top*/
4: int main() {return 0;}
5: int t() { rb_thread_call_with_gvl(); return 0; }
/* end */

--------------------

